10:01:24.810 INFO - Launching a standalone Selenium Server
10:01:24.859 INFO - Java: Oracle Corporation 25.131-b11
10:01:24.859 INFO - OS: Mac OS X 10.12.5 x86_64
10:01:24.884 INFO - v2.53.1, with Core v2.53.1. Built from revision a36b8b1
10:01:24.973 INFO - Driver provider org.openqa.selenium.ie.InternetExplorerDriver registration is skipped:
registration capabilities Capabilities [{ensureCleanSession=true, browserName=internet explorer, version=, platform=WINDOWS}] does not match the current platform MAC
10:01:24.974 INFO - Driver provider org.openqa.selenium.edge.EdgeDriver registration is skipped:
registration capabilities Capabilities [{browserName=MicrosoftEdge, version=, platform=WINDOWS}] does not match the current platform MAC
10:01:24.974 INFO - Driver class not found: com.opera.core.systems.OperaDriver
10:01:24.974 INFO - Driver provider com.opera.core.systems.OperaDriver is not registered
10:01:24.976 INFO - Driver class not found: org.openqa.selenium.htmlunit.HtmlUnitDriver
10:01:24.977 INFO - Driver provider org.openqa.selenium.htmlunit.HtmlUnitDriver is not registered
10:01:25.077 INFO - RemoteWebDriver instances should connect to: http://127.0.0.1:4444/wd/hub
10:01:25.077 INFO - Selenium Server is up and running
10:01:25.835 INFO - Executing: [new session: Capabilities [{acceptSslCerts=true, name=Signup, browserName=chrome, javascriptEnabled=true, platform=ANY}]])
10:01:25.850 INFO - Creating a new session for Capabilities [{acceptSslCerts=true, name=Signup, browserName=chrome, javascriptEnabled=true, platform=ANY}]
Starting ChromeDriver 2.25.426935 (820a95b0b81d33e42712f9198c215f703412e1a1) on port 18008
Only local connections are allowed.
10:01:27.660 INFO - Done: [new session: Capabilities [{acceptSslCerts=true, name=Signup, browserName=chrome, javascriptEnabled=true, platform=ANY}]]
10:01:27.676 INFO - Executing: [get: http://localhost:9090/])
10:01:34.728 INFO - Done: [get: http://localhost:9090/]
10:01:34.739 INFO - Executing: [find elements: By.cssSelector: body])
10:01:34.777 INFO - Done: [find elements: By.cssSelector: body]
10:01:34.786 INFO - Executing: [is displayed: 0 [[ChromeDriver: chrome on MAC (d2bbf576344b22bffcf46e86b71b8e78)] -> css selector: body]])
10:01:34.804 INFO - Done: [is displayed: 0 [[ChromeDriver: chrome on MAC (d2bbf576344b22bffcf46e86b71b8e78)] -> css selector: body]]
10:01:34.816 INFO - Executing: [find element: By.cssSelector: .button-signup])
10:01:34.842 INFO - Done: [find element: By.cssSelector: .button-signup]
10:01:34.848 INFO - Executing: [click: 1 [[ChromeDriver: chrome on MAC (d2bbf576344b22bffcf46e86b71b8e78)] -> css selector: .button-signup]])
10:01:35.009 INFO - Done: [click: 1 [[ChromeDriver: chrome on MAC (d2bbf576344b22bffcf46e86b71b8e78)] -> css selector: .button-signup]]
10:01:35.016 INFO - Executing: [find element: By.cssSelector: input[name=firstname]])
10:01:35.038 INFO - Done: [find element: By.cssSelector: input[name=firstname]]
10:01:35.042 INFO - Executing: [send keys: 2 [[ChromeDriver: chrome on MAC (d2bbf576344b22bffcf46e86b71b8e78)] -> css selector: input[name=firstname]], []])
10:01:35.082 INFO - Done: [send keys: 2 [[ChromeDriver: chrome on MAC (d2bbf576344b22bffcf46e86b71b8e78)] -> css selector: input[name=firstname]], []]
10:01:35.087 INFO - Executing: [find element: By.cssSelector: input[name=lastname]])
10:01:35.105 INFO - Done: [find element: By.cssSelector: input[name=lastname]]
10:01:35.115 INFO - Executing: [send keys: 3 [[ChromeDriver: chrome on MAC (d2bbf576344b22bffcf46e86b71b8e78)] -> css selector: input[name=lastname]], [S, t, a, r, k]])
10:01:35.254 INFO - Done: [send keys: 3 [[ChromeDriver: chrome on MAC (d2bbf576344b22bffcf46e86b71b8e78)] -> css selector: input[name=lastname]], [S, t, a, r, k]]
10:01:35.258 INFO - Executing: [find element: By.cssSelector: input[name=email]])
10:01:35.273 INFO - Done: [find element: By.cssSelector: input[name=email]]
10:01:35.280 INFO - Executing: [send keys: 4 [[ChromeDriver: chrome on MAC (d2bbf576344b22bffcf46e86b71b8e78)] -> css selector: input[name=email]], [a, r, y, a, @, s, t, a, r, k, ., c, o, m]])
10:01:35.495 INFO - Done: [send keys: 4 [[ChromeDriver: chrome on MAC (d2bbf576344b22bffcf46e86b71b8e78)] -> css selector: input[name=email]], [a, r, y, a, @, s, t, a, r, k, ., c, o, m]]
10:01:35.499 INFO - Executing: [find element: By.cssSelector: input[name=username]])
10:01:35.514 INFO - Done: [find element: By.cssSelector: input[name=username]]
10:01:35.518 INFO - Executing: [send keys: 5 [[ChromeDriver: chrome on MAC (d2bbf576344b22bffcf46e86b71b8e78)] -> css selector: input[name=username]], [A, r, y, a]])
10:01:35.598 INFO - Done: [send keys: 5 [[ChromeDriver: chrome on MAC (d2bbf576344b22bffcf46e86b71b8e78)] -> css selector: input[name=username]], [A, r, y, a]]
10:01:35.602 INFO - Executing: [find element: By.cssSelector: input[name=password]])
10:01:35.617 INFO - Done: [find element: By.cssSelector: input[name=password]]
10:01:35.620 INFO - Executing: [send keys: 6 [[ChromeDriver: chrome on MAC (d2bbf576344b22bffcf46e86b71b8e78)] -> css selector: input[name=password]], [p, a, s, s, w, o, r, d]])
10:01:35.745 INFO - Done: [send keys: 6 [[ChromeDriver: chrome on MAC (d2bbf576344b22bffcf46e86b71b8e78)] -> css selector: input[name=password]], [p, a, s, s, w, o, r, d]]
10:01:35.750 INFO - Executing: [find element: By.cssSelector: input[name=passwordConfirmation]])
10:01:35.766 INFO - Done: [find element: By.cssSelector: input[name=passwordConfirmation]]
10:01:35.770 INFO - Executing: [send keys: 7 [[ChromeDriver: chrome on MAC (d2bbf576344b22bffcf46e86b71b8e78)] -> css selector: input[name=passwordConfirmation]], [p, a, s, s, w, o, r, d]])
10:01:35.893 INFO - Done: [send keys: 7 [[ChromeDriver: chrome on MAC (d2bbf576344b22bffcf46e86b71b8e78)] -> css selector: input[name=passwordConfirmation]], [p, a, s, s, w, o, r, d]]
10:01:35.897 INFO - Executing: [find element: By.cssSelector: .submit-signup])
10:01:35.911 INFO - Done: [find element: By.cssSelector: .submit-signup]
10:01:35.915 INFO - Executing: [click: 8 [[ChromeDriver: chrome on MAC (d2bbf576344b22bffcf46e86b71b8e78)] -> css selector: .submit-signup]])
10:01:35.972 INFO - Done: [click: 8 [[ChromeDriver: chrome on MAC (d2bbf576344b22bffcf46e86b71b8e78)] -> css selector: .submit-signup]]
10:01:35.983 INFO - Executing: [find elements: By.cssSelector: .alert-error])
10:01:36.000 INFO - Done: [find elements: By.cssSelector: .alert-error]
10:01:36.005 INFO - Executing: [is displayed: 9 [[ChromeDriver: chrome on MAC (d2bbf576344b22bffcf46e86b71b8e78)] -> css selector: .alert-error]])
10:01:36.021 INFO - Done: [is displayed: 9 [[ChromeDriver: chrome on MAC (d2bbf576344b22bffcf46e86b71b8e78)] -> css selector: .alert-error]]
10:01:36.029 INFO - Executing: [find element: By.cssSelector: .alert-error])
10:01:36.062 INFO - Done: [find element: By.cssSelector: .alert-error]
10:01:36.068 INFO - Executing: [get text: 9 [[ChromeDriver: chrome on MAC (d2bbf576344b22bffcf46e86b71b8e78)] -> css selector: .alert-error]])
10:01:36.087 INFO - Done: [get text: 9 [[ChromeDriver: chrome on MAC (d2bbf576344b22bffcf46e86b71b8e78)] -> css selector: .alert-error]]
10:01:36.103 INFO - Executing: [get: http://localhost:9090/])
10:01:37.197 INFO - Done: [get: http://localhost:9090/]
10:01:37.207 INFO - Executing: [find elements: By.cssSelector: body])
10:01:37.220 INFO - Done: [find elements: By.cssSelector: body]
10:01:37.223 INFO - Executing: [is displayed: 10 [[ChromeDriver: chrome on MAC (d2bbf576344b22bffcf46e86b71b8e78)] -> css selector: body]])
10:01:37.235 INFO - Done: [is displayed: 10 [[ChromeDriver: chrome on MAC (d2bbf576344b22bffcf46e86b71b8e78)] -> css selector: body]]
10:01:37.239 INFO - Executing: [find element: By.cssSelector: .button-signup])
10:01:37.252 INFO - Done: [find element: By.cssSelector: .button-signup]
10:01:37.257 INFO - Executing: [click: 11 [[ChromeDriver: chrome on MAC (d2bbf576344b22bffcf46e86b71b8e78)] -> css selector: .button-signup]])
10:01:37.629 INFO - Done: [click: 11 [[ChromeDriver: chrome on MAC (d2bbf576344b22bffcf46e86b71b8e78)] -> css selector: .button-signup]]
10:01:37.639 INFO - Executing: [find element: By.cssSelector: input[name=firstname]])
10:01:37.653 INFO - Done: [find element: By.cssSelector: input[name=firstname]]
10:01:37.658 INFO - Executing: [send keys: 12 [[ChromeDriver: chrome on MAC (d2bbf576344b22bffcf46e86b71b8e78)] -> css selector: input[name=firstname]], [A, r, y, a]])
10:01:37.799 INFO - Done: [send keys: 12 [[ChromeDriver: chrome on MAC (d2bbf576344b22bffcf46e86b71b8e78)] -> css selector: input[name=firstname]], [A, r, y, a]]
10:01:37.805 INFO - Executing: [find element: By.cssSelector: input[name=lastname]])
10:01:37.829 INFO - Done: [find element: By.cssSelector: input[name=lastname]]
10:01:37.837 INFO - Executing: [send keys: 13 [[ChromeDriver: chrome on MAC (d2bbf576344b22bffcf46e86b71b8e78)] -> css selector: input[name=lastname]], []])
10:01:37.877 INFO - Done: [send keys: 13 [[ChromeDriver: chrome on MAC (d2bbf576344b22bffcf46e86b71b8e78)] -> css selector: input[name=lastname]], []]
10:01:37.882 INFO - Executing: [find element: By.cssSelector: input[name=email]])
10:01:37.894 INFO - Done: [find element: By.cssSelector: input[name=email]]
10:01:37.902 INFO - Executing: [send keys: 14 [[ChromeDriver: chrome on MAC (d2bbf576344b22bffcf46e86b71b8e78)] -> css selector: input[name=email]], [a, r, y, a, @, s, t, a, r, k, ., c, o, m]])
10:01:38.128 INFO - Done: [send keys: 14 [[ChromeDriver: chrome on MAC (d2bbf576344b22bffcf46e86b71b8e78)] -> css selector: input[name=email]], [a, r, y, a, @, s, t, a, r, k, ., c, o, m]]
10:01:38.131 INFO - Executing: [find element: By.cssSelector: input[name=username]])
10:01:38.139 INFO - Done: [find element: By.cssSelector: input[name=username]]
10:01:38.143 INFO - Executing: [send keys: 15 [[ChromeDriver: chrome on MAC (d2bbf576344b22bffcf46e86b71b8e78)] -> css selector: input[name=username]], [A, r, y, a]])
10:01:38.228 INFO - Done: [send keys: 15 [[ChromeDriver: chrome on MAC (d2bbf576344b22bffcf46e86b71b8e78)] -> css selector: input[name=username]], [A, r, y, a]]
10:01:38.231 INFO - Executing: [find element: By.cssSelector: input[name=password]])
10:01:38.239 INFO - Done: [find element: By.cssSelector: input[name=password]]
10:01:38.242 INFO - Executing: [send keys: 16 [[ChromeDriver: chrome on MAC (d2bbf576344b22bffcf46e86b71b8e78)] -> css selector: input[name=password]], [p, a, s, s, w, o, r, d]])
10:01:38.373 INFO - Done: [send keys: 16 [[ChromeDriver: chrome on MAC (d2bbf576344b22bffcf46e86b71b8e78)] -> css selector: input[name=password]], [p, a, s, s, w, o, r, d]]
10:01:38.376 INFO - Executing: [find element: By.cssSelector: input[name=passwordConfirmation]])
10:01:38.383 INFO - Done: [find element: By.cssSelector: input[name=passwordConfirmation]]
10:01:38.387 INFO - Executing: [send keys: 17 [[ChromeDriver: chrome on MAC (d2bbf576344b22bffcf46e86b71b8e78)] -> css selector: input[name=passwordConfirmation]], [p, a, s, s, w, o, r, d]])
10:01:38.515 INFO - Done: [send keys: 17 [[ChromeDriver: chrome on MAC (d2bbf576344b22bffcf46e86b71b8e78)] -> css selector: input[name=passwordConfirmation]], [p, a, s, s, w, o, r, d]]
10:01:38.520 INFO - Executing: [find element: By.cssSelector: .submit-signup])
10:01:38.527 INFO - Done: [find element: By.cssSelector: .submit-signup]
10:01:38.530 INFO - Executing: [click: 18 [[ChromeDriver: chrome on MAC (d2bbf576344b22bffcf46e86b71b8e78)] -> css selector: .submit-signup]])
10:01:38.582 INFO - Done: [click: 18 [[ChromeDriver: chrome on MAC (d2bbf576344b22bffcf46e86b71b8e78)] -> css selector: .submit-signup]]
10:01:38.588 INFO - Executing: [find elements: By.cssSelector: .alert-error])
10:01:38.598 INFO - Done: [find elements: By.cssSelector: .alert-error]
10:01:38.602 INFO - Executing: [is displayed: 19 [[ChromeDriver: chrome on MAC (d2bbf576344b22bffcf46e86b71b8e78)] -> css selector: .alert-error]])
10:01:38.617 INFO - Done: [is displayed: 19 [[ChromeDriver: chrome on MAC (d2bbf576344b22bffcf46e86b71b8e78)] -> css selector: .alert-error]]
10:01:38.622 INFO - Executing: [find element: By.cssSelector: .alert-error])
10:01:38.633 INFO - Done: [find element: By.cssSelector: .alert-error]
10:01:38.639 INFO - Executing: [get text: 19 [[ChromeDriver: chrome on MAC (d2bbf576344b22bffcf46e86b71b8e78)] -> css selector: .alert-error]])
10:01:38.661 INFO - Done: [get text: 19 [[ChromeDriver: chrome on MAC (d2bbf576344b22bffcf46e86b71b8e78)] -> css selector: .alert-error]]
10:01:38.669 INFO - Executing: [get: http://localhost:9090/])
10:01:39.458 INFO - Done: [get: http://localhost:9090/]
10:01:39.465 INFO - Executing: [find elements: By.cssSelector: body])
10:01:39.478 INFO - Done: [find elements: By.cssSelector: body]
10:01:39.481 INFO - Executing: [is displayed: 20 [[ChromeDriver: chrome on MAC (d2bbf576344b22bffcf46e86b71b8e78)] -> css selector: body]])
10:01:39.495 INFO - Done: [is displayed: 20 [[ChromeDriver: chrome on MAC (d2bbf576344b22bffcf46e86b71b8e78)] -> css selector: body]]
10:01:39.499 INFO - Executing: [find element: By.cssSelector: .button-signup])
10:01:39.509 INFO - Done: [find element: By.cssSelector: .button-signup]
10:01:39.513 INFO - Executing: [click: 21 [[ChromeDriver: chrome on MAC (d2bbf576344b22bffcf46e86b71b8e78)] -> css selector: .button-signup]])
10:01:39.949 INFO - Done: [click: 21 [[ChromeDriver: chrome on MAC (d2bbf576344b22bffcf46e86b71b8e78)] -> css selector: .button-signup]]
10:01:39.954 INFO - Executing: [find element: By.cssSelector: input[name=firstname]])
10:01:39.967 INFO - Done: [find element: By.cssSelector: input[name=firstname]]
10:01:39.973 INFO - Executing: [send keys: 22 [[ChromeDriver: chrome on MAC (d2bbf576344b22bffcf46e86b71b8e78)] -> css selector: input[name=firstname]], [A, r, y, a]])
10:01:40.094 INFO - Done: [send keys: 22 [[ChromeDriver: chrome on MAC (d2bbf576344b22bffcf46e86b71b8e78)] -> css selector: input[name=firstname]], [A, r, y, a]]
10:01:40.097 INFO - Executing: [find element: By.cssSelector: input[name=lastname]])
10:01:40.115 INFO - Done: [find element: By.cssSelector: input[name=lastname]]
10:01:40.118 INFO - Executing: [send keys: 23 [[ChromeDriver: chrome on MAC (d2bbf576344b22bffcf46e86b71b8e78)] -> css selector: input[name=lastname]], [S, t, a, r, k]])
10:01:40.240 INFO - Done: [send keys: 23 [[ChromeDriver: chrome on MAC (d2bbf576344b22bffcf46e86b71b8e78)] -> css selector: input[name=lastname]], [S, t, a, r, k]]
10:01:40.243 INFO - Executing: [find element: By.cssSelector: input[name=email]])
10:01:40.250 INFO - Done: [find element: By.cssSelector: input[name=email]]
10:01:40.253 INFO - Executing: [send keys: 24 [[ChromeDriver: chrome on MAC (d2bbf576344b22bffcf46e86b71b8e78)] -> css selector: input[name=email]], []])
10:01:40.285 INFO - Done: [send keys: 24 [[ChromeDriver: chrome on MAC (d2bbf576344b22bffcf46e86b71b8e78)] -> css selector: input[name=email]], []]
10:01:40.289 INFO - Executing: [find element: By.cssSelector: input[name=username]])
10:01:40.302 INFO - Done: [find element: By.cssSelector: input[name=username]]
10:01:40.307 INFO - Executing: [send keys: 25 [[ChromeDriver: chrome on MAC (d2bbf576344b22bffcf46e86b71b8e78)] -> css selector: input[name=username]], [A, r, y, a]])
10:01:40.399 INFO - Done: [send keys: 25 [[ChromeDriver: chrome on MAC (d2bbf576344b22bffcf46e86b71b8e78)] -> css selector: input[name=username]], [A, r, y, a]]
10:01:40.402 INFO - Executing: [find element: By.cssSelector: input[name=password]])
10:01:40.412 INFO - Done: [find element: By.cssSelector: input[name=password]]
10:01:40.415 INFO - Executing: [send keys: 26 [[ChromeDriver: chrome on MAC (d2bbf576344b22bffcf46e86b71b8e78)] -> css selector: input[name=password]], [p, a, s, s, w, o, r, d]])
10:01:40.552 INFO - Done: [send keys: 26 [[ChromeDriver: chrome on MAC (d2bbf576344b22bffcf46e86b71b8e78)] -> css selector: input[name=password]], [p, a, s, s, w, o, r, d]]
10:01:40.557 INFO - Executing: [find element: By.cssSelector: input[name=passwordConfirmation]])
10:01:40.564 INFO - Done: [find element: By.cssSelector: input[name=passwordConfirmation]]
10:01:40.568 INFO - Executing: [send keys: 27 [[ChromeDriver: chrome on MAC (d2bbf576344b22bffcf46e86b71b8e78)] -> css selector: input[name=passwordConfirmation]], [p, a, s, s, w, o, r, d]])
10:01:40.709 INFO - Done: [send keys: 27 [[ChromeDriver: chrome on MAC (d2bbf576344b22bffcf46e86b71b8e78)] -> css selector: input[name=passwordConfirmation]], [p, a, s, s, w, o, r, d]]
10:01:40.712 INFO - Executing: [find element: By.cssSelector: .submit-signup])
10:01:40.719 INFO - Done: [find element: By.cssSelector: .submit-signup]
10:01:40.723 INFO - Executing: [click: 28 [[ChromeDriver: chrome on MAC (d2bbf576344b22bffcf46e86b71b8e78)] -> css selector: .submit-signup]])
10:01:40.779 INFO - Done: [click: 28 [[ChromeDriver: chrome on MAC (d2bbf576344b22bffcf46e86b71b8e78)] -> css selector: .submit-signup]]
10:01:40.817 INFO - Executing: [find elements: By.cssSelector: .alert-error])
10:01:40.825 INFO - Done: [find elements: By.cssSelector: .alert-error]
10:01:40.829 INFO - Executing: [is displayed: 29 [[ChromeDriver: chrome on MAC (d2bbf576344b22bffcf46e86b71b8e78)] -> css selector: .alert-error]])
10:01:40.841 INFO - Done: [is displayed: 29 [[ChromeDriver: chrome on MAC (d2bbf576344b22bffcf46e86b71b8e78)] -> css selector: .alert-error]]
10:01:40.845 INFO - Executing: [find element: By.cssSelector: .alert-error])
10:01:40.853 INFO - Done: [find element: By.cssSelector: .alert-error]
10:01:40.857 INFO - Executing: [get text: 29 [[ChromeDriver: chrome on MAC (d2bbf576344b22bffcf46e86b71b8e78)] -> css selector: .alert-error]])
10:01:40.887 INFO - Done: [get text: 29 [[ChromeDriver: chrome on MAC (d2bbf576344b22bffcf46e86b71b8e78)] -> css selector: .alert-error]]
10:01:40.907 INFO - Executing: [get: http://localhost:9090/])
10:01:41.700 INFO - Done: [get: http://localhost:9090/]
10:01:41.704 INFO - Executing: [find elements: By.cssSelector: body])
10:01:41.712 INFO - Done: [find elements: By.cssSelector: body]
10:01:41.716 INFO - Executing: [is displayed: 30 [[ChromeDriver: chrome on MAC (d2bbf576344b22bffcf46e86b71b8e78)] -> css selector: body]])
10:01:41.756 INFO - Done: [is displayed: 30 [[ChromeDriver: chrome on MAC (d2bbf576344b22bffcf46e86b71b8e78)] -> css selector: body]]
10:01:41.760 INFO - Executing: [find element: By.cssSelector: .button-signup])
10:01:41.771 INFO - Done: [find element: By.cssSelector: .button-signup]
10:01:41.775 INFO - Executing: [click: 31 [[ChromeDriver: chrome on MAC (d2bbf576344b22bffcf46e86b71b8e78)] -> css selector: .button-signup]])
10:01:42.133 INFO - Done: [click: 31 [[ChromeDriver: chrome on MAC (d2bbf576344b22bffcf46e86b71b8e78)] -> css selector: .button-signup]]
10:01:42.137 INFO - Executing: [find element: By.cssSelector: input[name=firstname]])
10:01:42.153 INFO - Done: [find element: By.cssSelector: input[name=firstname]]
10:01:42.160 INFO - Executing: [send keys: 32 [[ChromeDriver: chrome on MAC (d2bbf576344b22bffcf46e86b71b8e78)] -> css selector: input[name=firstname]], [A, r, y, a]])
10:01:42.295 INFO - Done: [send keys: 32 [[ChromeDriver: chrome on MAC (d2bbf576344b22bffcf46e86b71b8e78)] -> css selector: input[name=firstname]], [A, r, y, a]]
10:01:42.298 INFO - Executing: [find element: By.cssSelector: input[name=lastname]])
10:01:42.307 INFO - Done: [find element: By.cssSelector: input[name=lastname]]
10:01:42.310 INFO - Executing: [send keys: 33 [[ChromeDriver: chrome on MAC (d2bbf576344b22bffcf46e86b71b8e78)] -> css selector: input[name=lastname]], [S, t, a, r, k]])
10:01:42.471 INFO - Done: [send keys: 33 [[ChromeDriver: chrome on MAC (d2bbf576344b22bffcf46e86b71b8e78)] -> css selector: input[name=lastname]], [S, t, a, r, k]]
10:01:42.475 INFO - Executing: [find element: By.cssSelector: input[name=email]])
10:01:42.481 INFO - Done: [find element: By.cssSelector: input[name=email]]
10:01:42.484 INFO - Executing: [send keys: 34 [[ChromeDriver: chrome on MAC (d2bbf576344b22bffcf46e86b71b8e78)] -> css selector: input[name=email]], [a, r, y, a, @, s, t, a, r, k, ., c, o, m]])
10:01:42.695 INFO - Done: [send keys: 34 [[ChromeDriver: chrome on MAC (d2bbf576344b22bffcf46e86b71b8e78)] -> css selector: input[name=email]], [a, r, y, a, @, s, t, a, r, k, ., c, o, m]]
10:01:42.698 INFO - Executing: [find element: By.cssSelector: input[name=username]])
10:01:42.706 INFO - Done: [find element: By.cssSelector: input[name=username]]
10:01:42.709 INFO - Executing: [send keys: 35 [[ChromeDriver: chrome on MAC (d2bbf576344b22bffcf46e86b71b8e78)] -> css selector: input[name=username]], []])
10:01:42.741 INFO - Done: [send keys: 35 [[ChromeDriver: chrome on MAC (d2bbf576344b22bffcf46e86b71b8e78)] -> css selector: input[name=username]], []]
10:01:42.744 INFO - Executing: [find element: By.cssSelector: input[name=password]])
10:01:42.751 INFO - Done: [find element: By.cssSelector: input[name=password]]
10:01:42.754 INFO - Executing: [send keys: 36 [[ChromeDriver: chrome on MAC (d2bbf576344b22bffcf46e86b71b8e78)] -> css selector: input[name=password]], [p, a, s, s, w, o, r, d]])
10:01:42.901 INFO - Done: [send keys: 36 [[ChromeDriver: chrome on MAC (d2bbf576344b22bffcf46e86b71b8e78)] -> css selector: input[name=password]], [p, a, s, s, w, o, r, d]]
10:01:42.906 INFO - Executing: [find element: By.cssSelector: input[name=passwordConfirmation]])
10:01:42.915 INFO - Done: [find element: By.cssSelector: input[name=passwordConfirmation]]
10:01:42.917 INFO - Executing: [send keys: 37 [[ChromeDriver: chrome on MAC (d2bbf576344b22bffcf46e86b71b8e78)] -> css selector: input[name=passwordConfirmation]], [p, a, s, s, w, o, r, d]])
10:01:43.072 INFO - Done: [send keys: 37 [[ChromeDriver: chrome on MAC (d2bbf576344b22bffcf46e86b71b8e78)] -> css selector: input[name=passwordConfirmation]], [p, a, s, s, w, o, r, d]]
10:01:43.077 INFO - Executing: [find element: By.cssSelector: .submit-signup])
10:01:43.085 INFO - Done: [find element: By.cssSelector: .submit-signup]
10:01:43.089 INFO - Executing: [click: 38 [[ChromeDriver: chrome on MAC (d2bbf576344b22bffcf46e86b71b8e78)] -> css selector: .submit-signup]])
10:01:43.164 INFO - Done: [click: 38 [[ChromeDriver: chrome on MAC (d2bbf576344b22bffcf46e86b71b8e78)] -> css selector: .submit-signup]]
10:01:43.170 INFO - Executing: [find elements: By.cssSelector: .alert-error])
10:01:43.190 INFO - Done: [find elements: By.cssSelector: .alert-error]
10:01:43.195 INFO - Executing: [is displayed: 39 [[ChromeDriver: chrome on MAC (d2bbf576344b22bffcf46e86b71b8e78)] -> css selector: .alert-error]])
10:01:43.214 INFO - Done: [is displayed: 39 [[ChromeDriver: chrome on MAC (d2bbf576344b22bffcf46e86b71b8e78)] -> css selector: .alert-error]]
10:01:43.219 INFO - Executing: [find element: By.cssSelector: .alert-error])
10:01:43.229 INFO - Done: [find element: By.cssSelector: .alert-error]
10:01:43.233 INFO - Executing: [get text: 39 [[ChromeDriver: chrome on MAC (d2bbf576344b22bffcf46e86b71b8e78)] -> css selector: .alert-error]])
10:01:43.274 INFO - Done: [get text: 39 [[ChromeDriver: chrome on MAC (d2bbf576344b22bffcf46e86b71b8e78)] -> css selector: .alert-error]]
10:01:43.285 INFO - Executing: [get: http://localhost:9090/])
10:01:44.137 INFO - Done: [get: http://localhost:9090/]
10:01:44.142 INFO - Executing: [find elements: By.cssSelector: body])
10:01:44.159 INFO - Done: [find elements: By.cssSelector: body]
10:01:44.162 INFO - Executing: [is displayed: 40 [[ChromeDriver: chrome on MAC (d2bbf576344b22bffcf46e86b71b8e78)] -> css selector: body]])
10:01:44.175 INFO - Done: [is displayed: 40 [[ChromeDriver: chrome on MAC (d2bbf576344b22bffcf46e86b71b8e78)] -> css selector: body]]
10:01:44.179 INFO - Executing: [find element: By.cssSelector: .button-signup])
10:01:44.191 INFO - Done: [find element: By.cssSelector: .button-signup]
10:01:44.196 INFO - Executing: [click: 41 [[ChromeDriver: chrome on MAC (d2bbf576344b22bffcf46e86b71b8e78)] -> css selector: .button-signup]])
10:01:44.324 INFO - Done: [click: 41 [[ChromeDriver: chrome on MAC (d2bbf576344b22bffcf46e86b71b8e78)] -> css selector: .button-signup]]
10:01:44.329 INFO - Executing: [find element: By.cssSelector: input[name=firstname]])
10:01:44.345 INFO - Done: [find element: By.cssSelector: input[name=firstname]]
10:01:44.350 INFO - Executing: [send keys: 42 [[ChromeDriver: chrome on MAC (d2bbf576344b22bffcf46e86b71b8e78)] -> css selector: input[name=firstname]], [A, r, y, a]])
10:01:44.532 INFO - Done: [send keys: 42 [[ChromeDriver: chrome on MAC (d2bbf576344b22bffcf46e86b71b8e78)] -> css selector: input[name=firstname]], [A, r, y, a]]
10:01:44.536 INFO - Executing: [find element: By.cssSelector: input[name=lastname]])
10:01:44.549 INFO - Done: [find element: By.cssSelector: input[name=lastname]]
10:01:44.555 INFO - Executing: [send keys: 43 [[ChromeDriver: chrome on MAC (d2bbf576344b22bffcf46e86b71b8e78)] -> css selector: input[name=lastname]], [S, t, a, r, k]])
10:01:44.689 INFO - Done: [send keys: 43 [[ChromeDriver: chrome on MAC (d2bbf576344b22bffcf46e86b71b8e78)] -> css selector: input[name=lastname]], [S, t, a, r, k]]
10:01:44.693 INFO - Executing: [find element: By.cssSelector: input[name=email]])
10:01:44.700 INFO - Done: [find element: By.cssSelector: input[name=email]]
10:01:44.703 INFO - Executing: [send keys: 44 [[ChromeDriver: chrome on MAC (d2bbf576344b22bffcf46e86b71b8e78)] -> css selector: input[name=email]], [a, r, y, a, @, s, t, a, r, k, ., c, o, m]])
10:01:44.896 INFO - Done: [send keys: 44 [[ChromeDriver: chrome on MAC (d2bbf576344b22bffcf46e86b71b8e78)] -> css selector: input[name=email]], [a, r, y, a, @, s, t, a, r, k, ., c, o, m]]
10:01:44.900 INFO - Executing: [find element: By.cssSelector: input[name=username]])
10:01:44.909 INFO - Done: [find element: By.cssSelector: input[name=username]]
10:01:44.913 INFO - Executing: [send keys: 45 [[ChromeDriver: chrome on MAC (d2bbf576344b22bffcf46e86b71b8e78)] -> css selector: input[name=username]], [A, r, y, a]])
10:01:44.999 INFO - Done: [send keys: 45 [[ChromeDriver: chrome on MAC (d2bbf576344b22bffcf46e86b71b8e78)] -> css selector: input[name=username]], [A, r, y, a]]
10:01:45.002 INFO - Executing: [find element: By.cssSelector: input[name=password]])
10:01:45.010 INFO - Done: [find element: By.cssSelector: input[name=password]]
10:01:45.013 INFO - Executing: [send keys: 46 [[ChromeDriver: chrome on MAC (d2bbf576344b22bffcf46e86b71b8e78)] -> css selector: input[name=password]], []])
10:01:45.046 INFO - Done: [send keys: 46 [[ChromeDriver: chrome on MAC (d2bbf576344b22bffcf46e86b71b8e78)] -> css selector: input[name=password]], []]
10:01:45.049 INFO - Executing: [find element: By.cssSelector: input[name=passwordConfirmation]])
10:01:45.060 INFO - Done: [find element: By.cssSelector: input[name=passwordConfirmation]]
10:01:45.063 INFO - Executing: [send keys: 47 [[ChromeDriver: chrome on MAC (d2bbf576344b22bffcf46e86b71b8e78)] -> css selector: input[name=passwordConfirmation]], [p, a, s, s, w, o, r, d]])
10:01:45.266 INFO - Done: [send keys: 47 [[ChromeDriver: chrome on MAC (d2bbf576344b22bffcf46e86b71b8e78)] -> css selector: input[name=passwordConfirmation]], [p, a, s, s, w, o, r, d]]
10:01:45.269 INFO - Executing: [find element: By.cssSelector: .submit-signup])
10:01:45.280 INFO - Done: [find element: By.cssSelector: .submit-signup]
10:01:45.286 INFO - Executing: [click: 48 [[ChromeDriver: chrome on MAC (d2bbf576344b22bffcf46e86b71b8e78)] -> css selector: .submit-signup]])
10:01:45.367 INFO - Done: [click: 48 [[ChromeDriver: chrome on MAC (d2bbf576344b22bffcf46e86b71b8e78)] -> css selector: .submit-signup]]
10:01:45.373 INFO - Executing: [find elements: By.cssSelector: .alert-error])
10:01:45.386 INFO - Done: [find elements: By.cssSelector: .alert-error]
10:01:45.390 INFO - Executing: [is displayed: 49 [[ChromeDriver: chrome on MAC (d2bbf576344b22bffcf46e86b71b8e78)] -> css selector: .alert-error]])
10:01:45.410 INFO - Done: [is displayed: 49 [[ChromeDriver: chrome on MAC (d2bbf576344b22bffcf46e86b71b8e78)] -> css selector: .alert-error]]
10:01:45.414 INFO - Executing: [find element: By.cssSelector: .alert-error])
10:01:45.448 INFO - Done: [find element: By.cssSelector: .alert-error]
10:01:45.458 INFO - Executing: [get text: 49 [[ChromeDriver: chrome on MAC (d2bbf576344b22bffcf46e86b71b8e78)] -> css selector: .alert-error]])
10:01:45.479 INFO - Done: [get text: 49 [[ChromeDriver: chrome on MAC (d2bbf576344b22bffcf46e86b71b8e78)] -> css selector: .alert-error]]
10:01:45.496 INFO - Executing: [get: http://localhost:9090/])
10:01:46.235 INFO - Done: [get: http://localhost:9090/]
10:01:46.251 INFO - Executing: [find elements: By.cssSelector: body])
10:01:46.261 INFO - Done: [find elements: By.cssSelector: body]
10:01:46.275 INFO - Executing: [is displayed: 50 [[ChromeDriver: chrome on MAC (d2bbf576344b22bffcf46e86b71b8e78)] -> css selector: body]])
10:01:46.289 INFO - Done: [is displayed: 50 [[ChromeDriver: chrome on MAC (d2bbf576344b22bffcf46e86b71b8e78)] -> css selector: body]]
10:01:46.295 INFO - Executing: [find element: By.cssSelector: .button-signup])
10:01:46.305 INFO - Done: [find element: By.cssSelector: .button-signup]
10:01:46.311 INFO - Executing: [click: 51 [[ChromeDriver: chrome on MAC (d2bbf576344b22bffcf46e86b71b8e78)] -> css selector: .button-signup]])
10:01:46.677 INFO - Done: [click: 51 [[ChromeDriver: chrome on MAC (d2bbf576344b22bffcf46e86b71b8e78)] -> css selector: .button-signup]]
10:01:46.686 INFO - Executing: [find element: By.cssSelector: input[name=firstname]])
10:01:46.700 INFO - Done: [find element: By.cssSelector: input[name=firstname]]
10:01:46.703 INFO - Executing: [send keys: 52 [[ChromeDriver: chrome on MAC (d2bbf576344b22bffcf46e86b71b8e78)] -> css selector: input[name=firstname]], [A, r, y, a]])
10:01:46.853 INFO - Done: [send keys: 52 [[ChromeDriver: chrome on MAC (d2bbf576344b22bffcf46e86b71b8e78)] -> css selector: input[name=firstname]], [A, r, y, a]]
10:01:46.856 INFO - Executing: [find element: By.cssSelector: input[name=lastname]])
10:01:46.869 INFO - Done: [find element: By.cssSelector: input[name=lastname]]
10:01:46.872 INFO - Executing: [send keys: 53 [[ChromeDriver: chrome on MAC (d2bbf576344b22bffcf46e86b71b8e78)] -> css selector: input[name=lastname]], [S, t, a, r, k]])
10:01:47.000 INFO - Done: [send keys: 53 [[ChromeDriver: chrome on MAC (d2bbf576344b22bffcf46e86b71b8e78)] -> css selector: input[name=lastname]], [S, t, a, r, k]]
10:01:47.002 INFO - Executing: [find element: By.cssSelector: input[name=email]])
10:01:47.011 INFO - Done: [find element: By.cssSelector: input[name=email]]
10:01:47.015 INFO - Executing: [send keys: 54 [[ChromeDriver: chrome on MAC (d2bbf576344b22bffcf46e86b71b8e78)] -> css selector: input[name=email]], [a, r, y, a, a, @, s, t, a, r, k, ., c, o, m]])
10:01:47.296 INFO - Done: [send keys: 54 [[ChromeDriver: chrome on MAC (d2bbf576344b22bffcf46e86b71b8e78)] -> css selector: input[name=email]], [a, r, y, a, a, @, s, t, a, r, k, ., c, o, m]]
10:01:47.299 INFO - Executing: [find element: By.cssSelector: input[name=username]])
10:01:47.309 INFO - Done: [find element: By.cssSelector: input[name=username]]
10:01:47.334 INFO - Executing: [send keys: 55 [[ChromeDriver: chrome on MAC (d2bbf576344b22bffcf46e86b71b8e78)] -> css selector: input[name=username]], [A, r, y, a]])
10:01:47.428 INFO - Done: [send keys: 55 [[ChromeDriver: chrome on MAC (d2bbf576344b22bffcf46e86b71b8e78)] -> css selector: input[name=username]], [A, r, y, a]]
10:01:47.431 INFO - Executing: [find element: By.cssSelector: input[name=password]])
10:01:47.438 INFO - Done: [find element: By.cssSelector: input[name=password]]
10:01:47.441 INFO - Executing: [send keys: 56 [[ChromeDriver: chrome on MAC (d2bbf576344b22bffcf46e86b71b8e78)] -> css selector: input[name=password]], [p, a, s, s, w, o, r, d]])
10:01:47.664 INFO - Done: [send keys: 56 [[ChromeDriver: chrome on MAC (d2bbf576344b22bffcf46e86b71b8e78)] -> css selector: input[name=password]], [p, a, s, s, w, o, r, d]]
10:01:47.680 INFO - Executing: [find element: By.cssSelector: input[name=passwordConfirmation]])
10:01:47.693 INFO - Done: [find element: By.cssSelector: input[name=passwordConfirmation]]
10:01:47.712 INFO - Executing: [send keys: 57 [[ChromeDriver: chrome on MAC (d2bbf576344b22bffcf46e86b71b8e78)] -> css selector: input[name=passwordConfirmation]], [a, n, o, t, h, e, r, P, a, s, s, w, o, r, d]])
10:01:48.337 INFO - Done: [send keys: 57 [[ChromeDriver: chrome on MAC (d2bbf576344b22bffcf46e86b71b8e78)] -> css selector: input[name=passwordConfirmation]], [a, n, o, t, h, e, r, P, a, s, s, w, o, r, d]]
10:01:48.364 INFO - Executing: [find element: By.cssSelector: .submit-signup])
10:01:48.372 INFO - Done: [find element: By.cssSelector: .submit-signup]
10:01:48.383 INFO - Executing: [click: 58 [[ChromeDriver: chrome on MAC (d2bbf576344b22bffcf46e86b71b8e78)] -> css selector: .submit-signup]])
10:01:48.450 INFO - Done: [click: 58 [[ChromeDriver: chrome on MAC (d2bbf576344b22bffcf46e86b71b8e78)] -> css selector: .submit-signup]]
10:01:48.456 INFO - Executing: [find elements: By.cssSelector: .alert-error])
10:01:48.474 INFO - Done: [find elements: By.cssSelector: .alert-error]
10:01:48.483 INFO - Executing: [is displayed: 59 [[ChromeDriver: chrome on MAC (d2bbf576344b22bffcf46e86b71b8e78)] -> css selector: .alert-error]])
10:01:48.504 INFO - Done: [is displayed: 59 [[ChromeDriver: chrome on MAC (d2bbf576344b22bffcf46e86b71b8e78)] -> css selector: .alert-error]]
10:01:48.509 INFO - Executing: [find element: By.cssSelector: .alert-error])
10:01:48.523 INFO - Done: [find element: By.cssSelector: .alert-error]
10:01:48.526 INFO - Executing: [get text: 59 [[ChromeDriver: chrome on MAC (d2bbf576344b22bffcf46e86b71b8e78)] -> css selector: .alert-error]])
10:01:48.564 INFO - Done: [get text: 59 [[ChromeDriver: chrome on MAC (d2bbf576344b22bffcf46e86b71b8e78)] -> css selector: .alert-error]]
10:01:48.573 INFO - Executing: [get: http://localhost:9090/])
10:01:49.076 INFO - Done: [get: http://localhost:9090/]
10:01:49.081 INFO - Executing: [find elements: By.cssSelector: body])
10:01:49.090 INFO - Done: [find elements: By.cssSelector: body]
10:01:49.100 INFO - Executing: [is displayed: 60 [[ChromeDriver: chrome on MAC (d2bbf576344b22bffcf46e86b71b8e78)] -> css selector: body]])
10:01:49.114 INFO - Done: [is displayed: 60 [[ChromeDriver: chrome on MAC (d2bbf576344b22bffcf46e86b71b8e78)] -> css selector: body]]
10:01:49.120 INFO - Executing: [find element: By.cssSelector: .button-signup])
10:01:49.342 INFO - Done: [find element: By.cssSelector: .button-signup]
10:01:49.345 INFO - Executing: [click: 61 [[ChromeDriver: chrome on MAC (d2bbf576344b22bffcf46e86b71b8e78)] -> css selector: .button-signup]])
10:01:49.463 INFO - Done: [click: 61 [[ChromeDriver: chrome on MAC (d2bbf576344b22bffcf46e86b71b8e78)] -> css selector: .button-signup]]
10:01:49.467 INFO - Executing: [find element: By.cssSelector: input[name=firstname]])
10:01:49.481 INFO - Done: [find element: By.cssSelector: input[name=firstname]]
10:01:49.489 INFO - Executing: [send keys: 62 [[ChromeDriver: chrome on MAC (d2bbf576344b22bffcf46e86b71b8e78)] -> css selector: input[name=firstname]], [A, r, y, a]])
10:01:49.658 INFO - Done: [send keys: 62 [[ChromeDriver: chrome on MAC (d2bbf576344b22bffcf46e86b71b8e78)] -> css selector: input[name=firstname]], [A, r, y, a]]
10:01:49.662 INFO - Executing: [find element: By.cssSelector: input[name=lastname]])
10:01:49.674 INFO - Done: [find element: By.cssSelector: input[name=lastname]]
10:01:49.677 INFO - Executing: [send keys: 63 [[ChromeDriver: chrome on MAC (d2bbf576344b22bffcf46e86b71b8e78)] -> css selector: input[name=lastname]], [S, t, a, r, k]])
10:01:49.804 INFO - Done: [send keys: 63 [[ChromeDriver: chrome on MAC (d2bbf576344b22bffcf46e86b71b8e78)] -> css selector: input[name=lastname]], [S, t, a, r, k]]
10:01:49.807 INFO - Executing: [find element: By.cssSelector: input[name=email]])
10:01:49.816 INFO - Done: [find element: By.cssSelector: input[name=email]]
10:01:49.818 INFO - Executing: [send keys: 64 [[ChromeDriver: chrome on MAC (d2bbf576344b22bffcf46e86b71b8e78)] -> css selector: input[name=email]], [a, r, y, a, @, s, t, a, r, k, ., c, o, m]])
10:01:50.044 INFO - Done: [send keys: 64 [[ChromeDriver: chrome on MAC (d2bbf576344b22bffcf46e86b71b8e78)] -> css selector: input[name=email]], [a, r, y, a, @, s, t, a, r, k, ., c, o, m]]
10:01:50.050 INFO - Executing: [find element: By.cssSelector: input[name=username]])
10:01:50.057 INFO - Done: [find element: By.cssSelector: input[name=username]]
10:01:50.060 INFO - Executing: [send keys: 65 [[ChromeDriver: chrome on MAC (d2bbf576344b22bffcf46e86b71b8e78)] -> css selector: input[name=username]], [A, r, y, a]])
10:01:50.158 INFO - Done: [send keys: 65 [[ChromeDriver: chrome on MAC (d2bbf576344b22bffcf46e86b71b8e78)] -> css selector: input[name=username]], [A, r, y, a]]
10:01:50.163 INFO - Executing: [find element: By.cssSelector: input[name=password]])
10:01:50.170 INFO - Done: [find element: By.cssSelector: input[name=password]]
10:01:50.173 INFO - Executing: [send keys: 66 [[ChromeDriver: chrome on MAC (d2bbf576344b22bffcf46e86b71b8e78)] -> css selector: input[name=password]], [p, a, s, s]])
10:01:50.268 INFO - Done: [send keys: 66 [[ChromeDriver: chrome on MAC (d2bbf576344b22bffcf46e86b71b8e78)] -> css selector: input[name=password]], [p, a, s, s]]
10:01:50.271 INFO - Executing: [find element: By.cssSelector: input[name=passwordConfirmation]])
10:01:50.279 INFO - Done: [find element: By.cssSelector: input[name=passwordConfirmation]]
10:01:50.282 INFO - Executing: [send keys: 67 [[ChromeDriver: chrome on MAC (d2bbf576344b22bffcf46e86b71b8e78)] -> css selector: input[name=passwordConfirmation]], [p, a, s, s]])
10:01:50.372 INFO - Done: [send keys: 67 [[ChromeDriver: chrome on MAC (d2bbf576344b22bffcf46e86b71b8e78)] -> css selector: input[name=passwordConfirmation]], [p, a, s, s]]
10:01:50.375 INFO - Executing: [find element: By.cssSelector: .submit-signup])
10:01:50.387 INFO - Done: [find element: By.cssSelector: .submit-signup]
10:01:50.390 INFO - Executing: [click: 68 [[ChromeDriver: chrome on MAC (d2bbf576344b22bffcf46e86b71b8e78)] -> css selector: .submit-signup]])
10:01:50.444 INFO - Done: [click: 68 [[ChromeDriver: chrome on MAC (d2bbf576344b22bffcf46e86b71b8e78)] -> css selector: .submit-signup]]
10:01:50.449 INFO - Executing: [find elements: By.cssSelector: .alert-error])
10:01:50.458 INFO - Done: [find elements: By.cssSelector: .alert-error]
10:01:50.462 INFO - Executing: [is displayed: 69 [[ChromeDriver: chrome on MAC (d2bbf576344b22bffcf46e86b71b8e78)] -> css selector: .alert-error]])
10:01:50.481 INFO - Done: [is displayed: 69 [[ChromeDriver: chrome on MAC (d2bbf576344b22bffcf46e86b71b8e78)] -> css selector: .alert-error]]
10:01:50.487 INFO - Executing: [find element: By.cssSelector: .alert-error])
10:01:50.494 INFO - Done: [find element: By.cssSelector: .alert-error]
10:01:50.499 INFO - Executing: [get text: 69 [[ChromeDriver: chrome on MAC (d2bbf576344b22bffcf46e86b71b8e78)] -> css selector: .alert-error]])
10:01:50.519 INFO - Done: [get text: 69 [[ChromeDriver: chrome on MAC (d2bbf576344b22bffcf46e86b71b8e78)] -> css selector: .alert-error]]
10:01:50.525 INFO - Executing: [get: http://localhost:9090/])
10:01:51.281 INFO - Done: [get: http://localhost:9090/]
10:01:51.285 INFO - Executing: [find elements: By.cssSelector: body])
10:01:51.301 INFO - Done: [find elements: By.cssSelector: body]
10:01:51.304 INFO - Executing: [is displayed: 70 [[ChromeDriver: chrome on MAC (d2bbf576344b22bffcf46e86b71b8e78)] -> css selector: body]])
10:01:51.315 INFO - Done: [is displayed: 70 [[ChromeDriver: chrome on MAC (d2bbf576344b22bffcf46e86b71b8e78)] -> css selector: body]]
10:01:51.319 INFO - Executing: [find element: By.cssSelector: .button-signup])
10:01:51.326 INFO - Done: [find element: By.cssSelector: .button-signup]
10:01:51.329 INFO - Executing: [click: 71 [[ChromeDriver: chrome on MAC (d2bbf576344b22bffcf46e86b71b8e78)] -> css selector: .button-signup]])
10:01:51.452 INFO - Done: [click: 71 [[ChromeDriver: chrome on MAC (d2bbf576344b22bffcf46e86b71b8e78)] -> css selector: .button-signup]]
10:01:51.456 INFO - Executing: [find element: By.cssSelector: input[name=firstname]])
10:01:51.466 INFO - Done: [find element: By.cssSelector: input[name=firstname]]
10:01:51.471 INFO - Executing: [send keys: 72 [[ChromeDriver: chrome on MAC (d2bbf576344b22bffcf46e86b71b8e78)] -> css selector: input[name=firstname]], [A, r, y, a]])
10:01:51.623 INFO - Done: [send keys: 72 [[ChromeDriver: chrome on MAC (d2bbf576344b22bffcf46e86b71b8e78)] -> css selector: input[name=firstname]], [A, r, y, a]]
10:01:51.626 INFO - Executing: [find element: By.cssSelector: input[name=lastname]])
10:01:51.634 INFO - Done: [find element: By.cssSelector: input[name=lastname]]
10:01:51.637 INFO - Executing: [send keys: 73 [[ChromeDriver: chrome on MAC (d2bbf576344b22bffcf46e86b71b8e78)] -> css selector: input[name=lastname]], [S, t, a, r, k]])
10:01:51.777 INFO - Done: [send keys: 73 [[ChromeDriver: chrome on MAC (d2bbf576344b22bffcf46e86b71b8e78)] -> css selector: input[name=lastname]], [S, t, a, r, k]]
10:01:51.783 INFO - Executing: [find element: By.cssSelector: input[name=email]])
10:01:51.789 INFO - Done: [find element: By.cssSelector: input[name=email]]
10:01:51.792 INFO - Executing: [send keys: 74 [[ChromeDriver: chrome on MAC (d2bbf576344b22bffcf46e86b71b8e78)] -> css selector: input[name=email]], [a, r, y, a, @, s, t, a, r, k]])
10:01:51.969 INFO - Done: [send keys: 74 [[ChromeDriver: chrome on MAC (d2bbf576344b22bffcf46e86b71b8e78)] -> css selector: input[name=email]], [a, r, y, a, @, s, t, a, r, k]]
10:01:51.971 INFO - Executing: [find element: By.cssSelector: input[name=username]])
10:01:51.979 INFO - Done: [find element: By.cssSelector: input[name=username]]
10:01:51.983 INFO - Executing: [send keys: 75 [[ChromeDriver: chrome on MAC (d2bbf576344b22bffcf46e86b71b8e78)] -> css selector: input[name=username]], [A, r, y, a]])
10:01:52.079 INFO - Done: [send keys: 75 [[ChromeDriver: chrome on MAC (d2bbf576344b22bffcf46e86b71b8e78)] -> css selector: input[name=username]], [A, r, y, a]]
10:01:52.083 INFO - Executing: [find element: By.cssSelector: input[name=password]])
10:01:52.090 INFO - Done: [find element: By.cssSelector: input[name=password]]
10:01:52.093 INFO - Executing: [send keys: 76 [[ChromeDriver: chrome on MAC (d2bbf576344b22bffcf46e86b71b8e78)] -> css selector: input[name=password]], [p, a, s, s]])
10:01:52.194 INFO - Done: [send keys: 76 [[ChromeDriver: chrome on MAC (d2bbf576344b22bffcf46e86b71b8e78)] -> css selector: input[name=password]], [p, a, s, s]]
10:01:52.200 INFO - Executing: [find element: By.cssSelector: input[name=passwordConfirmation]])
10:01:52.207 INFO - Done: [find element: By.cssSelector: input[name=passwordConfirmation]]
10:01:52.209 INFO - Executing: [send keys: 77 [[ChromeDriver: chrome on MAC (d2bbf576344b22bffcf46e86b71b8e78)] -> css selector: input[name=passwordConfirmation]], [p, a, s, s]])
10:01:52.308 INFO - Done: [send keys: 77 [[ChromeDriver: chrome on MAC (d2bbf576344b22bffcf46e86b71b8e78)] -> css selector: input[name=passwordConfirmation]], [p, a, s, s]]
10:01:52.311 INFO - Executing: [find element: By.cssSelector: .submit-signup])
10:01:52.320 INFO - Done: [find element: By.cssSelector: .submit-signup]
10:01:52.323 INFO - Executing: [click: 78 [[ChromeDriver: chrome on MAC (d2bbf576344b22bffcf46e86b71b8e78)] -> css selector: .submit-signup]])
10:01:52.377 INFO - Done: [click: 78 [[ChromeDriver: chrome on MAC (d2bbf576344b22bffcf46e86b71b8e78)] -> css selector: .submit-signup]]
10:01:52.384 INFO - Executing: [find elements: By.cssSelector: .alert-error])
10:01:52.399 INFO - Done: [find elements: By.cssSelector: .alert-error]
10:01:52.403 INFO - Executing: [is displayed: 79 [[ChromeDriver: chrome on MAC (d2bbf576344b22bffcf46e86b71b8e78)] -> css selector: .alert-error]])
10:01:52.418 INFO - Done: [is displayed: 79 [[ChromeDriver: chrome on MAC (d2bbf576344b22bffcf46e86b71b8e78)] -> css selector: .alert-error]]
10:01:52.424 INFO - Executing: [find element: By.cssSelector: .alert-error])
10:01:52.435 INFO - Done: [find element: By.cssSelector: .alert-error]
10:01:52.439 INFO - Executing: [get text: 79 [[ChromeDriver: chrome on MAC (d2bbf576344b22bffcf46e86b71b8e78)] -> css selector: .alert-error]])
10:01:52.458 INFO - Done: [get text: 79 [[ChromeDriver: chrome on MAC (d2bbf576344b22bffcf46e86b71b8e78)] -> css selector: .alert-error]]
10:01:52.469 INFO - Executing: [get: http://localhost:9090/])
10:01:53.283 INFO - Done: [get: http://localhost:9090/]
10:01:53.288 INFO - Executing: [find elements: By.cssSelector: body])
10:01:53.305 INFO - Done: [find elements: By.cssSelector: body]
10:01:53.308 INFO - Executing: [is displayed: 80 [[ChromeDriver: chrome on MAC (d2bbf576344b22bffcf46e86b71b8e78)] -> css selector: body]])
10:01:53.323 INFO - Done: [is displayed: 80 [[ChromeDriver: chrome on MAC (d2bbf576344b22bffcf46e86b71b8e78)] -> css selector: body]]
10:01:53.326 INFO - Executing: [find element: By.cssSelector: .button-signup])
10:01:53.336 INFO - Done: [find element: By.cssSelector: .button-signup]
10:01:53.339 INFO - Executing: [click: 81 [[ChromeDriver: chrome on MAC (d2bbf576344b22bffcf46e86b71b8e78)] -> css selector: .button-signup]])
10:01:53.471 INFO - Done: [click: 81 [[ChromeDriver: chrome on MAC (d2bbf576344b22bffcf46e86b71b8e78)] -> css selector: .button-signup]]
10:01:53.513 INFO - Executing: [find element: By.cssSelector: input[name=firstname]])
10:01:53.524 INFO - Done: [find element: By.cssSelector: input[name=firstname]]
10:01:53.526 INFO - Executing: [send keys: 82 [[ChromeDriver: chrome on MAC (d2bbf576344b22bffcf46e86b71b8e78)] -> css selector: input[name=firstname]], [K, e, n, d, r, i, c, k]])
10:01:53.762 INFO - Done: [send keys: 82 [[ChromeDriver: chrome on MAC (d2bbf576344b22bffcf46e86b71b8e78)] -> css selector: input[name=firstname]], [K, e, n, d, r, i, c, k]]
10:01:53.768 INFO - Executing: [find element: By.cssSelector: input[name=lastname]])
10:01:53.775 INFO - Done: [find element: By.cssSelector: input[name=lastname]]
10:01:53.777 INFO - Executing: [send keys: 83 [[ChromeDriver: chrome on MAC (d2bbf576344b22bffcf46e86b71b8e78)] -> css selector: input[name=lastname]], [B, o, s, c, o]])
10:01:53.889 INFO - Done: [send keys: 83 [[ChromeDriver: chrome on MAC (d2bbf576344b22bffcf46e86b71b8e78)] -> css selector: input[name=lastname]], [B, o, s, c, o]]
10:01:53.891 INFO - Executing: [find element: By.cssSelector: input[name=email]])
10:01:53.898 INFO - Done: [find element: By.cssSelector: input[name=email]]
10:01:53.902 INFO - Executing: [send keys: 84 [[ChromeDriver: chrome on MAC (d2bbf576344b22bffcf46e86b71b8e78)] -> css selector: input[name=email]], [E, l, y, s, s, a, _, H, a, u, c, k, @, g, m, a, i, l, ., c, o, m]])
10:01:54.239 INFO - Done: [send keys: 84 [[ChromeDriver: chrome on MAC (d2bbf576344b22bffcf46e86b71b8e78)] -> css selector: input[name=email]], [E, l, y, s, s, a, _, H, a, u, c, k, @, g, m, a, i, l, ., c, o, m]]
10:01:54.243 INFO - Executing: [find element: By.cssSelector: input[name=username]])
10:01:54.251 INFO - Done: [find element: By.cssSelector: input[name=username]]
10:01:54.253 INFO - Executing: [send keys: 85 [[ChromeDriver: chrome on MAC (d2bbf576344b22bffcf46e86b71b8e78)] -> css selector: input[name=username]], [K, e, s, h, a, u, n, ., M, o, h, r, 3]])
10:01:54.451 INFO - Done: [send keys: 85 [[ChromeDriver: chrome on MAC (d2bbf576344b22bffcf46e86b71b8e78)] -> css selector: input[name=username]], [K, e, s, h, a, u, n, ., M, o, h, r, 3]]
10:01:54.453 INFO - Executing: [find element: By.cssSelector: input[name=password]])
10:01:54.459 INFO - Done: [find element: By.cssSelector: input[name=password]]
10:01:54.462 INFO - Executing: [send keys: 86 [[ChromeDriver: chrome on MAC (d2bbf576344b22bffcf46e86b71b8e78)] -> css selector: input[name=password]], [p, a, s, s, w, o, r, d]])
10:01:54.599 INFO - Done: [send keys: 86 [[ChromeDriver: chrome on MAC (d2bbf576344b22bffcf46e86b71b8e78)] -> css selector: input[name=password]], [p, a, s, s, w, o, r, d]]
10:01:54.601 INFO - Executing: [find element: By.cssSelector: input[name=passwordConfirmation]])
10:01:54.608 INFO - Done: [find element: By.cssSelector: input[name=passwordConfirmation]]
10:01:54.611 INFO - Executing: [send keys: 87 [[ChromeDriver: chrome on MAC (d2bbf576344b22bffcf46e86b71b8e78)] -> css selector: input[name=passwordConfirmation]], [p, a, s, s, w, o, r, d]])
10:01:54.743 INFO - Done: [send keys: 87 [[ChromeDriver: chrome on MAC (d2bbf576344b22bffcf46e86b71b8e78)] -> css selector: input[name=passwordConfirmation]], [p, a, s, s, w, o, r, d]]
10:01:54.750 INFO - Executing: [find element: By.cssSelector: .submit-signup])
10:01:54.759 INFO - Done: [find element: By.cssSelector: .submit-signup]
10:01:54.762 INFO - Executing: [click: 88 [[ChromeDriver: chrome on MAC (d2bbf576344b22bffcf46e86b71b8e78)] -> css selector: .submit-signup]])
10:01:54.822 INFO - Done: [click: 88 [[ChromeDriver: chrome on MAC (d2bbf576344b22bffcf46e86b71b8e78)] -> css selector: .submit-signup]]
10:01:54.827 INFO - Executing: [find elements: By.cssSelector: .signin-form])
10:01:54.844 INFO - Done: [find elements: By.cssSelector: .signin-form]
10:01:55.350 INFO - Executing: [find elements: By.cssSelector: .signin-form])
10:01:55.358 INFO - Done: [find elements: By.cssSelector: .signin-form]
10:01:55.865 INFO - Executing: [find elements: By.cssSelector: .signin-form])
10:01:55.873 INFO - Done: [find elements: By.cssSelector: .signin-form]
10:01:56.376 INFO - Executing: [find elements: By.cssSelector: .signin-form])
10:01:56.384 INFO - Done: [find elements: By.cssSelector: .signin-form]
10:01:56.891 INFO - Executing: [find elements: By.cssSelector: .signin-form])
10:01:56.901 INFO - Done: [find elements: By.cssSelector: .signin-form]
10:01:57.410 INFO - Executing: [find elements: By.cssSelector: .signin-form])
10:01:57.417 INFO - Done: [find elements: By.cssSelector: .signin-form]
10:01:57.420 INFO - Executing: [is displayed: 89 [[ChromeDriver: chrome on MAC (d2bbf576344b22bffcf46e86b71b8e78)] -> css selector: .signin-form]])
10:01:57.431 INFO - Done: [is displayed: 89 [[ChromeDriver: chrome on MAC (d2bbf576344b22bffcf46e86b71b8e78)] -> css selector: .signin-form]]
10:01:57.434 INFO - Executing: [find element: By.cssSelector: .form-container form h1])
10:01:57.446 INFO - Done: [find element: By.cssSelector: .form-container form h1]
10:01:57.448 INFO - Executing: [get text: 90 [[ChromeDriver: chrome on MAC (d2bbf576344b22bffcf46e86b71b8e78)] -> css selector: .form-container form h1]])
10:01:57.463 INFO - Done: [get text: 90 [[ChromeDriver: chrome on MAC (d2bbf576344b22bffcf46e86b71b8e78)] -> css selector: .form-container form h1]]
10:01:57.466 INFO - Executing: [get current url])
10:01:57.472 INFO - Done: [get current url]
10:01:57.476 INFO - Executing: [delete session: f6386575-ab24-45f6-bfcc-a96c9f21dd62])
10:01:57.566 INFO - Done: [delete session: f6386575-ab24-45f6-bfcc-a96c9f21dd62]
